<?xml version="1.0" encoding="UTF-8"?>
<testng-results ignored="0" total="5" passed="5" failed="0" skipped="0">
  <reporter-output>
  </reporter-output>
  <suite started-at="2025-10-27T11:03:29 IST" name="Default suite" finished-at="2025-10-27T11:09:06 IST" duration-ms="336314">
    <groups>
    </groups>
    <test started-at="2025-10-27T11:03:29 IST" name="Default test" finished-at="2025-10-27T11:09:06 IST" duration-ms="336314">
      <class name="com.fry.tests.loginfirstcry">
        <test-method is-config="true" signature="setupreport()[pri:0, instance:com.fry.tests.loginfirstcry@4c178a76]" started-at="2025-10-27T11:03:29 IST" name="setupreport" finished-at="2025-10-27T11:03:29 IST" duration-ms="380" status="PASS">
          <reporter-output>
          </reporter-output>
        </test-method> <!-- setupreport -->
        <test-method is-config="true" signature="setup()[pri:0, instance:com.fry.tests.loginfirstcry@4c178a76]" started-at="2025-10-27T11:03:29 IST" name="setup" finished-at="2025-10-27T11:03:39 IST" duration-ms="9790" status="PASS">
          <reporter-output>
          </reporter-output>
        </test-method> <!-- setup -->
        <test-method signature="loginToPepperfry()[pri:0, instance:com.fry.tests.loginfirstcry@4c178a76]" started-at="2025-10-27T11:03:39 IST" name="loginToPepperfry" finished-at="2025-10-27T11:04:32 IST" duration-ms="52461" status="PASS">
          <reporter-output>
          </reporter-output>
        </test-method> <!-- loginToPepperfry -->
        <test-method is-config="true" signature="teardown()[pri:0, instance:com.fry.tests.loginfirstcry@4c178a76]" started-at="2025-10-27T11:04:32 IST" name="teardown" finished-at="2025-10-27T11:04:32 IST" duration-ms="0" status="PASS">
          <reporter-output>
          </reporter-output>
        </test-method> <!-- teardown -->
        <test-method is-config="true" signature="setup()[pri:0, instance:com.fry.tests.loginfirstcry@4c178a76]" started-at="2025-10-27T11:04:32 IST" name="setup" finished-at="2025-10-27T11:04:34 IST" duration-ms="2131" status="PASS">
          <reporter-output>
          </reporter-output>
        </test-method> <!-- setup -->
        <test-method signature="searchAndAddBedToCart()[pri:1, instance:com.fry.tests.loginfirstcry@4c178a76]" started-at="2025-10-27T11:04:34 IST" name="searchAndAddBedToCart" finished-at="2025-10-27T11:05:05 IST" duration-ms="31104" status="PASS">
          <reporter-output>
          </reporter-output>
        </test-method> <!-- searchAndAddBedToCart -->
        <test-method is-config="true" signature="teardown()[pri:0, instance:com.fry.tests.loginfirstcry@4c178a76]" started-at="2025-10-27T11:05:05 IST" name="teardown" finished-at="2025-10-27T11:05:05 IST" duration-ms="1" status="PASS">
          <reporter-output>
          </reporter-output>
        </test-method> <!-- teardown -->
        <test-method is-config="true" signature="setup()[pri:0, instance:com.fry.tests.loginfirstcry@4c178a76]" started-at="2025-10-27T11:05:05 IST" name="setup" finished-at="2025-10-27T11:05:07 IST" duration-ms="2040" status="PASS">
          <reporter-output>
          </reporter-output>
        </test-method> <!-- setup -->
        <test-method signature="searchAndAddMultipleItemsToCart()[pri:2, instance:com.fry.tests.loginfirstcry@4c178a76]" started-at="2025-10-27T11:05:07 IST" name="searchAndAddMultipleItemsToCart" finished-at="2025-10-27T11:06:02 IST" duration-ms="54683" status="PASS">
          <reporter-output>
          </reporter-output>
        </test-method> <!-- searchAndAddMultipleItemsToCart -->
        <test-method is-config="true" signature="teardown()[pri:0, instance:com.fry.tests.loginfirstcry@4c178a76]" started-at="2025-10-27T11:06:02 IST" name="teardown" finished-at="2025-10-27T11:06:02 IST" duration-ms="1" status="PASS">
          <reporter-output>
          </reporter-output>
        </test-method> <!-- teardown -->
        <test-method is-config="true" signature="setup()[pri:0, instance:com.fry.tests.loginfirstcry@4c178a76]" started-at="2025-10-27T11:06:02 IST" name="setup" finished-at="2025-10-27T11:06:04 IST" duration-ms="2056" status="PASS">
          <reporter-output>
          </reporter-output>
        </test-method> <!-- setup -->
        <test-method signature="openWishlistProductAfterSaving()[pri:3, instance:com.fry.tests.loginfirstcry@4c178a76]" started-at="2025-10-27T11:06:04 IST" name="openWishlistProductAfterSaving" finished-at="2025-10-27T11:07:43 IST" duration-ms="99383" status="PASS">
          <reporter-output>
          </reporter-output>
        </test-method> <!-- openWishlistProductAfterSaving -->
        <test-method is-config="true" signature="teardown()[pri:0, instance:com.fry.tests.loginfirstcry@4c178a76]" started-at="2025-10-27T11:07:43 IST" name="teardown" finished-at="2025-10-27T11:07:43 IST" duration-ms="2" status="PASS">
          <reporter-output>
          </reporter-output>
        </test-method> <!-- teardown -->
        <test-method is-config="true" signature="setup()[pri:0, instance:com.fry.tests.loginfirstcry@4c178a76]" started-at="2025-10-27T11:07:43 IST" name="setup" finished-at="2025-10-27T11:07:45 IST" duration-ms="1943" status="PASS">
          <reporter-output>
          </reporter-output>
        </test-method> <!-- setup -->
        <test-method signature="logoutFromPepperfry()[pri:4, instance:com.fry.tests.loginfirstcry@4c178a76]" started-at="2025-10-27T11:07:45 IST" name="logoutFromPepperfry" finished-at="2025-10-27T11:09:06 IST" duration-ms="80613" status="PASS">
          <reporter-output>
          </reporter-output>
        </test-method> <!-- logoutFromPepperfry -->
        <test-method is-config="true" signature="teardown()[pri:0, instance:com.fry.tests.loginfirstcry@4c178a76]" started-at="2025-10-27T11:09:06 IST" name="teardown" finished-at="2025-10-27T11:09:06 IST" duration-ms="1" status="PASS">
          <reporter-output>
          </reporter-output>
        </test-method> <!-- teardown -->
        <test-method is-config="true" signature="flushreport()[pri:0, instance:com.fry.tests.loginfirstcry@4c178a76]" started-at="2025-10-27T11:09:06 IST" name="flushreport" finished-at="2025-10-27T11:09:07 IST" duration-ms="1108" status="PASS">
          <reporter-output>
          </reporter-output>
        </test-method> <!-- flushreport -->
      </class> <!-- com.fry.tests.loginfirstcry -->
    </test> <!-- Default test -->
  </suite> <!-- Default suite -->
</testng-results>
