<?xml version="1.0" encoding="UTF-8"?>
<!-- Generated by org.testng.reporters.JUnitXMLReporter -->
<testsuite ignored="0" hostname="ASCINLAP61405" failures="0" tests="5" name="Default test" time="336.314" errors="0" timestamp="2025-10-27T11:09:06 IST">
  <testcase classname="com.fry.tests.loginfirstcry" name="loginToPepperfry" time="52.461"/>
  <testcase classname="com.fry.tests.loginfirstcry" name="searchAndAddBedToCart" time="31.104"/>
  <testcase classname="com.fry.tests.loginfirstcry" name="searchAndAddMultipleItemsToCart" time="54.683"/>
  <testcase classname="com.fry.tests.loginfirstcry" name="openWishlistProductAfterSaving" time="99.383"/>
  <testcase classname="com.fry.tests.loginfirstcry" name="logoutFromPepperfry" time="80.613"/>
</testsuite> <!-- Default test -->
